<?xml version="1.0" encoding="UTF-8"?>
<!-- Generated by org.testng.reporters.JUnitReportReporter -->
<testsuite hostname="NApster" failures="0" tests="1" name="Runner.Runnerclass" time="25.388" errors="0" timestamp="2025-07-16T00:34:27 IST" skipped="0">
  <testcase classname="Runner.Runnerclass" name="runScenario" time="25.388"/>
  <system-out/>
</testsuite> <!-- Runner.Runnerclass -->
